0 info it worked if it ends with ok
1 verbose cli [ '/home/accurate/.nvm/versions/node/v6.11.3/bin/node',
1 verbose cli   '/home/accurate/.nvm/versions/node/v6.11.3/bin/npm',
1 verbose cli   'run',
1 verbose cli   'watch:sass' ]
2 info using npm@3.10.10
3 info using node@v6.11.3
4 verbose run-script [ 'prewatch:sass', 'watch:sass', 'postwatch:sass' ]
5 info lifecycle natours-sass@1.0.0~prewatch:sass: natours-sass@1.0.0
6 silly lifecycle natours-sass@1.0.0~prewatch:sass: no script for prewatch:sass, continuing
7 info lifecycle natours-sass@1.0.0~watch:sass: natours-sass@1.0.0
8 verbose lifecycle natours-sass@1.0.0~watch:sass: unsafe-perm in lifecycle true
9 verbose lifecycle natours-sass@1.0.0~watch:sass: PATH: /home/accurate/.nvm/versions/node/v6.11.3/lib/node_modules/npm/bin/node-gyp-bin:/home/accurate/projetos/estudos/estudos-css-sass/natours-sass/node_modules/.bin:/home/accurate/.nvm/versions/node/v6.11.3/bin:/usr/local/sbin:/usr/local/bin:/usr/sbin:/usr/bin:/sbin:/bin:/usr/games:/usr/local/games:/snap/bin:/usr/lib/jvm/java-8-oracle/bin:/usr/lib/jvm/java-8-oracle/db/bin:/usr/lib/jvm/java-8-oracle/jre/bin:/home/accurate/Android/Sdk/tools:/opt/lampp/bin
10 verbose lifecycle natours-sass@1.0.0~watch:sass: CWD: /home/accurate/projetos/estudos/estudos-css-sass/natours-sass
11 silly lifecycle natours-sass@1.0.0~watch:sass: Args: [ '-c', 'node-sass sass/*.scss css/style.css -w' ]
12 silly lifecycle natours-sass@1.0.0~watch:sass: Returned: code: 1  signal: null
13 info lifecycle natours-sass@1.0.0~watch:sass: Failed to exec watch:sass script
14 verbose stack Error: natours-sass@1.0.0 watch:sass: `node-sass sass/*.scss css/style.css -w`
14 verbose stack Exit status 1
14 verbose stack     at EventEmitter.<anonymous> (/home/accurate/.nvm/versions/node/v6.11.3/lib/node_modules/npm/lib/utils/lifecycle.js:255:16)
14 verbose stack     at emitTwo (events.js:106:13)
14 verbose stack     at EventEmitter.emit (events.js:191:7)
14 verbose stack     at ChildProcess.<anonymous> (/home/accurate/.nvm/versions/node/v6.11.3/lib/node_modules/npm/lib/utils/spawn.js:40:14)
14 verbose stack     at emitTwo (events.js:106:13)
14 verbose stack     at ChildProcess.emit (events.js:191:7)
14 verbose stack     at maybeClose (internal/child_process.js:920:16)
14 verbose stack     at Process.ChildProcess._handle.onexit (internal/child_process.js:230:5)
15 verbose pkgid natours-sass@1.0.0
16 verbose cwd /home/accurate/projetos/estudos/estudos-css-sass/natours-sass
17 error Linux 4.10.0-42-generic
18 error argv "/home/accurate/.nvm/versions/node/v6.11.3/bin/node" "/home/accurate/.nvm/versions/node/v6.11.3/bin/npm" "run" "watch:sass"
19 error node v6.11.3
20 error npm  v3.10.10
21 error code ELIFECYCLE
22 error natours-sass@1.0.0 watch:sass: `node-sass sass/*.scss css/style.css -w`
22 error Exit status 1
23 error Failed at the natours-sass@1.0.0 watch:sass script 'node-sass sass/*.scss css/style.css -w'.
23 error Make sure you have the latest version of node.js and npm installed.
23 error If you do, this is most likely a problem with the natours-sass package,
23 error not with npm itself.
23 error Tell the author that this fails on your system:
23 error     node-sass sass/*.scss css/style.css -w
23 error You can get information on how to open an issue for this project with:
23 error     npm bugs natours-sass
23 error Or if that isn't available, you can get their info via:
23 error     npm owner ls natours-sass
23 error There is likely additional logging output above.
24 verbose exit [ 1, true ]
